-------------------------------------------------------------------------------
Test set: TestSuite
-------------------------------------------------------------------------------
Tests run: 1, Failures: 1, Errors: 0, Skipped: 0, Time elapsed: 14.628 s <<< FAILURE! - in TestSuite
registrationTest(fiveElement.tests.Registration)  Time elapsed: 10.062 s  <<< FAILURE!
java.lang.IllegalArgumentException: Element must be set
	at fiveElement.tests.Registration.registrationTest(Registration.java:11)

