<?xml version="1.0" encoding="UTF-8"?>
<testng-results ignored="0" total="1" passed="1" failed="0" skipped="0">
  <reporter-output>
  </reporter-output>
  <suite started-at="2023-03-10T15:20:08 MSK" name="ElectroSila" finished-at="2023-03-10T15:22:24 MSK" duration-ms="136221">
    <groups>
    </groups>
    <test started-at="2023-03-10T15:20:08 MSK" name="test" finished-at="2023-03-10T15:22:24 MSK" duration-ms="136221">
      <class name="electroSila.tests.InstallmentAndCreditTest">
        <test-method is-config="true" signature="setup()[pri:0, instance:electroSila.tests.InstallmentAndCreditTest@f0c8a99]" started-at="2023-03-10T15:20:08 MSK" name="setup" finished-at="2023-03-10T15:21:16 MSK" duration-ms="68301" status="PASS">
          <reporter-output>
          </reporter-output>
        </test-method> <!-- setup -->
        <test-method signature="electrosilaTest()[pri:0, instance:electroSila.tests.InstallmentAndCreditTest@f0c8a99]" started-at="2023-03-10T15:21:17 MSK" name="electrosilaTest" finished-at="2023-03-10T15:22:24 MSK" duration-ms="67283" status="PASS">
          <reporter-output>
          </reporter-output>
        </test-method> <!-- electrosilaTest -->
        <test-method is-config="true" signature="tearDown()[pri:0, instance:electroSila.tests.InstallmentAndCreditTest@f0c8a99]" started-at="2023-03-10T15:22:24 MSK" name="tearDown" description="Closing browser" finished-at="2023-03-10T15:22:24 MSK" duration-ms="563" status="PASS">
          <reporter-output>
          </reporter-output>
        </test-method> <!-- tearDown -->
      </class> <!-- electroSila.tests.InstallmentAndCreditTest -->
    </test> <!-- test -->
  </suite> <!-- ElectroSila -->
</testng-results>
