<?xml version="1.0" encoding="UTF-8"?>
<testng-results ignored="0" total="1" passed="1" failed="0" skipped="0">
  <reporter-output>
  </reporter-output>
  <suite started-at="2023-03-13T16:17:09 MSK" name="ElectroSila" finished-at="2023-03-13T16:18:21 MSK" duration-ms="71050">
    <groups>
    </groups>
    <test started-at="2023-03-13T16:17:09 MSK" name="test" finished-at="2023-03-13T16:18:21 MSK" duration-ms="71050">
      <class name="electroSila.tests.NavigationCatalogTest">
        <test-method is-config="true" signature="setup()[pri:0, instance:electroSila.tests.NavigationCatalogTest@f0c8a99]" started-at="2023-03-13T16:17:10 MSK" name="setup" finished-at="2023-03-13T16:18:18 MSK" duration-ms="68365" status="PASS">
          <reporter-output>
          </reporter-output>
        </test-method> <!-- setup -->
        <test-method signature="navigationTest()[pri:0, instance:electroSila.tests.NavigationCatalogTest@f0c8a99]" started-at="2023-03-13T16:18:18 MSK" name="navigationTest" finished-at="2023-03-13T16:18:20 MSK" duration-ms="2017" status="PASS">
          <reporter-output>
          </reporter-output>
        </test-method> <!-- navigationTest -->
        <test-method is-config="true" signature="tearDown()[pri:0, instance:electroSila.tests.NavigationCatalogTest@f0c8a99]" started-at="2023-03-13T16:18:20 MSK" name="tearDown" description="Closing browser" finished-at="2023-03-13T16:18:21 MSK" duration-ms="594" status="PASS">
          <reporter-output>
          </reporter-output>
        </test-method> <!-- tearDown -->
      </class> <!-- electroSila.tests.NavigationCatalogTest -->
    </test> <!-- test -->
  </suite> <!-- ElectroSila -->
</testng-results>
